[    0.000000] Linux version 4.15.0-175-generic (buildd@lcy02-amd64-034) (gcc version 7.5.0 (Ubuntu 7.5.0-3ubuntu1~18.04)) #184-Ubuntu SMP Thu Mar 24 17:48:36 UTC 2022 (Ubuntu 4.15.0-175.184-generic 4.15.18)
[    0.000000] Command line: BOOT_IMAGE=/boot/vmlinuz-4.15.0-175-generic root=LABEL=cloudimg-rootfs ro console=tty1 console=ttyS0
[    0.000000] KERNEL supported cpus:
[    0.000000]   Intel GenuineIntel
[    0.000000]   AMD AuthenticAMD
[    0.000000]   Centaur CentaurHauls
[    0.000000] x86/fpu: Supporting XSAVE feature 0x001: 'x87 floating point registers'
[    0.000000] x86/fpu: Supporting XSAVE feature 0x002: 'SSE registers'
[    0.000000] x86/fpu: Supporting XSAVE feature 0x004: 'AVX registers'
[    0.000000] x86/fpu: xstate_offset[2]:  576, xstate_sizes[2]:  256
[    0.000000] x86/fpu: Enabled xstate features 0x7, context size is 832 bytes, using 'standard' format.
[    0.000000] e820: BIOS-provided physical RAM map:
[    0.000000] BIOS-e820: [mem 0x0000000000000000-0x000000000009fbff] usable
[    0.000000] BIOS-e820: [mem 0x000000000009fc00-0x000000000009ffff] reserved
[    0.000000] BIOS-e820: [mem 0x00000000000f0000-0x00000000000fffff] reserved
[    0.000000] BIOS-e820: [mem 0x0000000000100000-0x000000007ffeffff] usable
[    0.000000] BIOS-e820: [mem 0x000000007fff0000-0x000000007fffffff] ACPI data
[    0.000000] BIOS-e820: [mem 0x00000000fec00000-0x00000000fec00fff] reserved
[    0.000000] BIOS-e820: [mem 0x00000000fee00000-0x00000000fee00fff] reserved
[    0.000000] BIOS-e820: [mem 0x00000000fffc0000-0x00000000ffffffff] reserved
[    0.000000] NX (Execute Disable) protection: active
[    0.000000] SMBIOS 2.5 present.
[    0.000000] DMI: innotek GmbH VirtualBox/VirtualBox, BIOS VirtualBox 12/01/2006
[    0.000000] Hypervisor detected: KVM
[    0.000000] e820: last_pfn = 0x7fff0 max_arch_pfn = 0x400000000
[    0.000000] MTRR: Disabled
[    0.000000] x86/PAT: MTRRs disabled, skipping PAT initialization too.
[    0.000000] CPU MTRRs all blank - virtualized system.
[    0.000000] x86/PAT: Configuration [0-7]: WB  WT  UC- UC  WB  WT  UC- UC  
[    0.000000] found SMP MP-table at [mem 0x0009fff0-0x0009ffff]
[    0.000000] Scanning 1 areas for low memory corruption
[    0.000000] RAMDISK: [mem 0x359cb000-0x36cdcfff]
[    0.000000] ACPI: Early table checksum verification disabled
[    0.000000] ACPI: RSDP 0x00000000000E0000 000024 (v02 VBOX  )
[    0.000000] ACPI: XSDT 0x000000007FFF0030 00003C (v01 VBOX   VBOXXSDT 00000001 ASL  00000061)
[    0.000000] ACPI: FACP 0x000000007FFF00F0 0000F4 (v04 VBOX   VBOXFACP 00000001 ASL  00000061)
[    0.000000] ACPI: DSDT 0x000000007FFF0470 002325 (v02 VBOX   VBOXBIOS 00000002 INTL 20190509)
[    0.000000] ACPI: FACS 0x000000007FFF0200 000040
[    0.000000] ACPI: FACS 0x000000007FFF0200 000040
[    0.000000] ACPI: APIC 0x000000007FFF0240 00005C (v02 VBOX   VBOXAPIC 00000001 ASL  00000061)
[    0.000000] ACPI: SSDT 0x000000007FFF02A0 0001CC (v01 VBOX   VBOXCPUT 00000002 INTL 20190509)
[    0.000000] ACPI: Reserving FACP table memory at [mem 0x7fff00f0-0x7fff01e3]
[    0.000000] ACPI: Reserving DSDT table memory at [mem 0x7fff0470-0x7fff2794]
[    0.000000] ACPI: Reserving FACS table memory at [mem 0x7fff0200-0x7fff023f]
[    0.000000] ACPI: Reserving FACS table memory at [mem 0x7fff0200-0x7fff023f]
[    0.000000] ACPI: Reserving APIC table memory at [mem 0x7fff0240-0x7fff029b]
[    0.000000] ACPI: Reserving SSDT table memory at [mem 0x7fff02a0-0x7fff046b]
[    0.000000] No NUMA configuration found
[    0.000000] Faking a node at [mem 0x0000000000000000-0x000000007ffeffff]
[    0.000000] NODE_DATA(0) allocated [mem 0x7ffc5000-0x7ffeffff]
[    0.000000] kvm-clock: cpu 0, msr 0:7ff44001, primary cpu clock
[    0.000000] kvm-clock: Using msrs 4b564d01 and 4b564d00
[    0.000000] kvm-clock: using sched offset of 13986305319 cycles
[    0.000000] clocksource: kvm-clock: mask: 0xffffffffffffffff max_cycles: 0x1cd42e4dffb, max_idle_ns: 881590591483 ns
[    0.000000] Zone ranges:
[    0.000000]   DMA      [mem 0x0000000000001000-0x0000000000ffffff]
[    0.000000]   DMA32    [mem 0x0000000001000000-0x000000007ffeffff]
[    0.000000]   Normal   empty
[    0.000000]   Device   empty
[    0.000000] Movable zone start for each node
[    0.000000] Early memory node ranges
[    0.000000]   node   0: [mem 0x0000000000001000-0x000000000009efff]
[    0.000000]   node   0: [mem 0x0000000000100000-0x000000007ffeffff]
[    0.000000] Reserved but unavailable: 104 pages
[    0.000000] Initmem setup node 0 [mem 0x0000000000001000-0x000000007ffeffff]
[    0.000000] ACPI: PM-Timer IO Port: 0x4008
[    0.000000] IOAPIC[0]: apic_id 2, version 32, address 0xfec00000, GSI 0-23
[    0.000000] ACPI: INT_SRC_OVR (bus 0 bus_irq 0 global_irq 2 dfl dfl)
[    0.000000] ACPI: INT_SRC_OVR (bus 0 bus_irq 9 global_irq 9 low level)
[    0.000000] Using ACPI (MADT) for SMP configuration information
[    0.000000] smpboot: Allowing 2 CPUs, 0 hotplug CPUs
[    0.000000] PM: Registered nosave memory: [mem 0x00000000-0x00000fff]
[    0.000000] PM: Registered nosave memory: [mem 0x0009f000-0x0009ffff]
[    0.000000] PM: Registered nosave memory: [mem 0x000a0000-0x000effff]
[    0.000000] PM: Registered nosave memory: [mem 0x000f0000-0x000fffff]
[    0.000000] e820: [mem 0x80000000-0xfebfffff] available for PCI devices
[    0.000000] Booting paravirtualized kernel on KVM
[    0.000000] clocksource: refined-jiffies: mask: 0xffffffff max_cycles: 0xffffffff, max_idle_ns: 7645519600211568 ns
[    0.000000] random: get_random_bytes called from start_kernel+0x99/0x500 with crng_init=0
[    0.000000] setup_percpu: NR_CPUS:8192 nr_cpumask_bits:2 nr_cpu_ids:2 nr_node_ids:1
[    0.000000] percpu: Embedded 50 pages/cpu s167936 r8192 d28672 u1048576
[    0.000000] PV qspinlock hash table entries: 256 (order: 0, 4096 bytes)
[    0.000000] Built 1 zonelists, mobility grouping on.  Total pages: 515961
[    0.000000] Policy zone: DMA32
[    0.000000] Kernel command line: BOOT_IMAGE=/boot/vmlinuz-4.15.0-175-generic root=LABEL=cloudimg-rootfs ro console=tty1 console=ttyS0
[    0.000000] Memory: 2014840K/2096696K available (12300K kernel code, 2484K rwdata, 4324K rodata, 2468K init, 2724K bss, 81856K reserved, 0K cma-reserved)
[    0.000000] SLUB: HWalign=64, Order=0-3, MinObjects=0, CPUs=2, Nodes=1
[    0.000000] Kernel/User page tables isolation: enabled
[    0.000000] ftrace: allocating 39503 entries in 155 pages
[    0.004000] Hierarchical RCU implementation.
[    0.004000] 	RCU restricting CPUs from NR_CPUS=8192 to nr_cpu_ids=2.
[    0.004000] 	Tasks RCU enabled.
[    0.004000] RCU: Adjusting geometry for rcu_fanout_leaf=16, nr_cpu_ids=2
[    0.004000] NR_IRQS: 524544, nr_irqs: 440, preallocated irqs: 16
[    0.004000] Console: colour VGA+ 80x25
[    0.004000] console [tty1] enabled
[    0.004000] console [ttyS0] enabled
[    0.004000] ACPI: Core revision 20170831
[    0.004000] ACPI: 2 ACPI AML tables successfully acquired and loaded
[    0.004000] APIC: Switch to symmetric I/O mode setup
[    0.004000] x2apic enabled
[    0.004000] Switched APIC routing to physical x2apic.
[    0.004000] ..TIMER: vector=0x30 apic1=0 pin1=2 apic2=-1 pin2=-1
[    0.004000] tsc: Detected 3467.360 MHz processor
[    0.004011] Calibrating delay loop (skipped) preset value.. 6934.72 BogoMIPS (lpj=13869440)
[    0.005054] pid_max: default: 32768 minimum: 301
[    0.005671] Security Framework initialized
[    0.006253] Yama: becoming mindful.
[    0.006799] AppArmor: AppArmor initialized
[    0.008110] Dentry cache hash table entries: 262144 (order: 9, 2097152 bytes)
[    0.009420] Inode-cache hash table entries: 131072 (order: 8, 1048576 bytes)
[    0.010290] Mount-cache hash table entries: 4096 (order: 3, 32768 bytes)
[    0.011295] Mountpoint-cache hash table entries: 4096 (order: 3, 32768 bytes)
[    0.012222] Last level iTLB entries: 4KB 128, 2MB 8, 4MB 8
[    0.012884] Last level dTLB entries: 4KB 64, 2MB 0, 4MB 0, 1GB 4
[    0.013596] Spectre V1 : Mitigation: usercopy/swapgs barriers and __user pointer sanitization
[    0.014634] Spectre V2 : Mitigation: Retpolines
[    0.015210] Spectre V2 : Spectre v2 / SpectreRSB mitigation: Filling RSB on context switch
[    0.016001] Speculative Store Bypass: Vulnerable
[    0.016614] SRBDS: Unknown: Dependent on hypervisor status
[    0.017319] MDS: Mitigation: Clear CPU buffers
[    0.018066] Freeing SMP alternatives memory: 36K
[    0.131503] APIC calibration not consistent with PM-Timer: 102ms instead of 100ms
[    0.132000] APIC delta adjusted to PM-Timer: 6253337 (6384674)
[    0.132041] smpboot: CPU0: Intel(R) Core(TM) i5-7500 CPU @ 3.40GHz (family: 0x6, model: 0x9e, stepping: 0x9)
[    0.133362] Performance Events: unsupported p6 CPU model 158 no PMU driver, software events only.
[    0.134555] Hierarchical SRCU implementation.
[    0.135835] NMI watchdog: Perf event create on CPU 0 failed with -2
[    0.136001] NMI watchdog: Perf NMI watchdog permanently disabled
[    0.136821] smp: Bringing up secondary CPUs ...
[    0.137452] x86: Booting SMP configuration:
[    0.138010] .... node  #0, CPUs:      #1
[    0.004000] kvm-clock: cpu 1, msr 0:7ff44041, secondary cpu clock
[    0.142166] smp: Brought up 1 node, 2 CPUs
[    0.142166] smpboot: Max logical packages: 1
[    0.142166] smpboot: Total of 2 processors activated (13869.44 BogoMIPS)
[    0.144110] devtmpfs: initialized
[    0.144501] x86/mm: Memory block size: 128MB
[    0.145217] evm: security.selinux
[    0.145650] evm: security.SMACK64
[    0.146088] evm: security.SMACK64EXEC
[    0.146554] evm: security.SMACK64TRANSMUTE
[    0.147066] evm: security.SMACK64MMAP
[    0.147534] evm: security.apparmor
[    0.148002] evm: security.ima
[    0.148397] evm: security.capability
[    0.148924] clocksource: jiffies: mask: 0xffffffff max_cycles: 0xffffffff, max_idle_ns: 7645041785100000 ns
[    0.149209] futex hash table entries: 512 (order: 3, 32768 bytes)
[    0.150074] pinctrl core: initialized pinctrl subsystem
[    0.152073] RTC time:  1:19:58, date: 04/17/22
[    0.152789] NET: Registered protocol family 16
[    0.153391] audit: initializing netlink subsys (disabled)
[    0.154102] audit: type=2000 audit(1650158413.428:1): state=initialized audit_enabled=0 res=1
[    0.154102] cpuidle: using governor ladder
[    0.156009] cpuidle: using governor menu
[    0.156701] ACPI: bus type PCI registered
[    0.157292] acpiphp: ACPI Hot Plug PCI Controller Driver version: 0.5
[    0.158217] PCI: Using configuration type 1 for base access
[    0.160481] HugeTLB registered 2.00 MiB page size, pre-allocated 0 pages
[    0.161042] ACPI: Added _OSI(Module Device)
[    0.161042] ACPI: Added _OSI(Processor Device)
[    0.161367] ACPI: Added _OSI(3.0 _SCP Extensions)
[    0.164006] ACPI: Added _OSI(Processor Aggregator Device)
[    0.164709] ACPI: Added _OSI(Linux-Dell-Video)
[    0.166042] ACPI: Added _OSI(Linux-Lenovo-NV-HDMI-Audio)
[    0.167731] ACPI: Added _OSI(Linux-HPI-Hybrid-Graphics)
[    0.168202] ACPI: Executed 1 blocks of module-level executable AML code
[    0.172968] ACPI: Interpreter enabled
[    0.173485] ACPI: (supports S0 S5)
[    0.173952] ACPI: Using IOAPIC for interrupt routing
[    0.175195] PCI: Using host bridge windows from ACPI; if necessary, use "pci=nocrs" and report a bug
[    0.176128] ACPI: Enabled 2 GPEs in block 00 to 07
[    0.181528] ACPI: PCI Root Bridge [PCI0] (domain 0000 [bus 00-ff])
[    0.182320] acpi PNP0A03:00: _OSC: OS supports [ASPM ClockPM Segments MSI]
[    0.183498] acpi PNP0A03:00: _OSC: not requesting OS control; OS requires [ExtendedConfig ASPM ClockPM MSI]
[    0.184008] acpi PNP0A03:00: fail to add MMCONFIG information, can't access extended PCI configuration space under this bridge.
[    0.185669] PCI host bridge to bus 0000:00
[    0.186236] pci_bus 0000:00: root bus resource [io  0x0000-0x0cf7 window]
[    0.188002] pci_bus 0000:00: root bus resource [io  0x0d00-0xffff window]
[    0.188860] pci_bus 0000:00: root bus resource [mem 0x000a0000-0x000bffff window]
[    0.189795] pci_bus 0000:00: root bus resource [mem 0x80000000-0xfdffffff window]
[    0.190718] pci_bus 0000:00: root bus resource [bus 00-ff]
[    0.193231] pci 0000:00:01.1: legacy IDE quirk: reg 0x10: [io  0x01f0-0x01f7]
[    0.194069] pci 0000:00:01.1: legacy IDE quirk: reg 0x14: [io  0x03f6]
[    0.194872] pci 0000:00:01.1: legacy IDE quirk: reg 0x18: [io  0x0170-0x0177]
[    0.195726] pci 0000:00:01.1: legacy IDE quirk: reg 0x1c: [io  0x0376]
[    0.214617] pci 0000:00:07.0: quirk: [io  0x4000-0x403f] claimed by PIIX4 ACPI
[    0.216010] pci 0000:00:07.0: quirk: [io  0x4100-0x410f] claimed by PIIX4 SMB
[    0.223566] ACPI: PCI Interrupt Link [LNKA] (IRQs 5 9 10 *11)
[    0.224255] ACPI: PCI Interrupt Link [LNKB] (IRQs 5 9 *10 11)
[    0.225112] ACPI: PCI Interrupt Link [LNKC] (IRQs 5 *9 10 11)
[    0.226008] ACPI: PCI Interrupt Link [LNKD] (IRQs 5 9 10 *11)
[    0.227062] SCSI subsystem initialized
[    0.228039] pci 0000:00:02.0: vgaarb: setting as boot VGA device
[    0.229751] pci 0000:00:02.0: vgaarb: VGA device added: decodes=io+mem,owns=io+mem,locks=none
[    0.232010] pci 0000:00:02.0: vgaarb: bridge control possible
[    0.233095] vgaarb: loaded
[    0.233572] ACPI: bus type USB registered
[    0.234318] usbcore: registered new interface driver usbfs
[    0.236019] usbcore: registered new interface driver hub
[    0.236720] usbcore: registered new device driver usb
[    0.237465] EDAC MC: Ver: 3.0.0
[    0.237465] PCI: Using ACPI for IRQ routing
[    0.237465] NetLabel: Initializing
[    0.240003] NetLabel:  domain hash size = 128
[    0.240578] NetLabel:  protocols = UNLABELED CIPSOv4 CALIPSO
[    0.241298] NetLabel:  unlabeled traffic allowed by default
[    0.242037] clocksource: Switched to clocksource kvm-clock
[    0.249376] VFS: Disk quotas dquot_6.6.0
[    0.249942] VFS: Dquot-cache hash table entries: 512 (order 0, 4096 bytes)
[    0.250903] AppArmor: AppArmor Filesystem Enabled
[    0.251982] pnp: PnP ACPI init
[    0.253146] pnp: PnP ACPI: found 3 devices
[    0.260812] clocksource: acpi_pm: mask: 0xffffff max_cycles: 0xffffff, max_idle_ns: 2085701024 ns
[    0.261984] NET: Registered protocol family 2
[    0.262599] IP idents hash table entries: 32768 (order: 6, 262144 bytes)
[    0.263646] TCP established hash table entries: 16384 (order: 5, 131072 bytes)
[    0.264690] TCP bind hash table entries: 16384 (order: 6, 262144 bytes)
[    0.266016] TCP: Hash tables configured (established 16384 bind 16384)
[    0.266848] UDP hash table entries: 1024 (order: 3, 32768 bytes)
[    0.267567] UDP-Lite hash table entries: 1024 (order: 3, 32768 bytes)
[    0.268372] NET: Registered protocol family 1
[    0.268965] pci 0000:00:00.0: Limiting direct PCI/PCI transfers
[    0.269795] pci 0000:00:01.0: Activating ISA DMA hang workarounds
[    0.270609] pci 0000:00:02.0: Video device with shadowed ROM at [mem 0x000c0000-0x000dffff]
[    0.271906] Unpacking initramfs...
[    0.502714] Freeing initrd memory: 19528K
[    0.503559] clocksource: tsc: mask: 0xffffffffffffffff max_cycles: 0x31fadf1f76b, max_idle_ns: 440795301718 ns
[    0.504852] platform rtc_cmos: registered platform RTC device (no PNP device found)
[    0.505800] Scanning for low memory corruption every 60 seconds
[    0.507054] Initialise system trusted keyrings
[    0.507619] Key type blacklist registered
[    0.508216] workingset: timestamp_bits=36 max_order=19 bucket_order=0
[    0.510193] zbud: loaded
[    0.511023] squashfs: version 4.0 (2009/01/31) Phillip Lougher
[    0.511873] fuse init (API version 7.26)
[    0.513483] Key type asymmetric registered
[    0.514054] Asymmetric key parser 'x509' registered
[    0.514832] Block layer SCSI generic (bsg) driver version 0.4 loaded (major 246)
[    0.516006] io scheduler noop registered
[    0.516607] io scheduler deadline registered
[    0.517201] io scheduler cfq registered (default)
[    0.518089] ACPI: AC Adapter [AC] (on-line)
[    0.518654] input: Power Button as /devices/LNXSYSTM:00/LNXPWRBN:00/input/input0
[    0.519644] ACPI: Power Button [PWRF]
[    0.520218] input: Sleep Button as /devices/LNXSYSTM:00/LNXSLPBN:00/input/input1
[    0.521124] ACPI: Sleep Button [SLPF]
[    0.521936] Serial: 8250/16550 driver, 32 ports, IRQ sharing enabled
[    0.543374] 00:02: ttyS0 at I/O 0x3f8 (irq = 4, base_baud = 115200) is a 16550A
[    0.546942] Linux agpgart interface v0.103
[    0.548709] loop: module loaded
[    0.549613] scsi host0: ata_piix
[    0.550227] scsi host1: ata_piix
[    0.550689] ata1: PATA max UDMA/33 cmd 0x1f0 ctl 0x3f6 bmdma 0xd000 irq 14
[    0.551694] ata2: PATA max UDMA/33 cmd 0x170 ctl 0x376 bmdma 0xd008 irq 15
[    0.552704] tun: Universal TUN/TAP device driver, 1.6
[    0.553500] PPP generic driver version 2.4.2
[    0.554185] ehci_hcd: USB 2.0 'Enhanced' Host Controller (EHCI) Driver
[    0.555110] ehci-pci: EHCI PCI platform driver
[    0.555714] ehci-platform: EHCI generic platform driver
[    0.556442] ohci_hcd: USB 1.1 'Open' Host Controller (OHCI) Driver
[    0.557286] ohci-pci: OHCI PCI platform driver
[    0.557919] ohci-platform: OHCI generic platform driver
[    0.558643] uhci_hcd: USB Universal Host Controller Interface driver
[    0.559526] i8042: PNP: PS/2 Controller [PNP0303:PS2K,PNP0f03:PS2M] at 0x60,0x64 irq 1,12
[    0.561118] serio: i8042 KBD port at 0x60,0x64 irq 1
[    0.561839] serio: i8042 AUX port at 0x60,0x64 irq 12
[    0.562617] mousedev: PS/2 mouse device common for all mice
[    0.563772] input: AT Translated Set 2 keyboard as /devices/platform/i8042/serio0/input/input2
[    0.565167] rtc_cmos rtc_cmos: rtc core: registered rtc_cmos as rtc0
[    0.566095] rtc_cmos rtc_cmos: alarms up to one day, 114 bytes nvram
[    0.566924] i2c /dev entries driver
[    0.567544] device-mapper: uevent: version 1.0.3
[    0.568366] device-mapper: ioctl: 4.37.0-ioctl (2017-09-20) initialised: dm-devel@redhat.com
[    0.569557] ledtrig-cpu: registered to indicate activity on CPUs
[    0.570730] NET: Registered protocol family 10
[    0.574535] Segment Routing with IPv6
[    0.575079] NET: Registered protocol family 17
[    0.575674] Key type dns_resolver registered
[    0.576452] mce: Using 0 MCE banks
[    0.577019] RAS: Correctable Errors collector initialized.
[    0.577773] sched_clock: Marking stable (576432388, 0)->(713337717, -136905329)
[    0.579181] registered taskstats version 1
[    0.579781] Loading compiled-in X.509 certificates
[    0.582286] Loaded X.509 cert 'Build time autogenerated kernel key: ea99b1e66d5186ff77dcfb46de385e3fbd0a569c'
[    0.583945] Loaded X.509 cert 'Canonical Ltd. Live Patch Signing: 14df34d1a87cf37625abec039ef2bf521249b969'
[    0.585692] Loaded X.509 cert 'Canonical Ltd. Kernel Module Signing: 88f752e560a1e0737e31163a466ad7b70a850c19'
[    0.587154] blacklist: Loading compiled-in revocation X.509 certificates
[    0.588146] Loaded X.509 cert 'Canonical Ltd. Secure Boot Signing: 61482aa2830d0ab2ad5af10b7250da9033ddcef0'
[    0.589408] zswap: loaded using pool lzo/zbud
[    0.593270] Key type big_key registered
[    0.594725] Key type trusted registered
[    0.596885] Key type encrypted registered
[    0.597639] AppArmor: AppArmor sha1 policy hashing enabled
[    0.598308] ima: No TPM chip found, activating TPM-bypass! (rc=-19)
[    0.599182] ima: Allocated hash algorithm: sha1
[    0.599794] evm: HMAC attrs: 0x1
[    0.600454]   Magic number: 2:638:306
[    0.601014] tty tty35: hash matches
[    0.601611] rtc_cmos rtc_cmos: setting system clock to 2022-04-17 01:19:58 UTC (1650158398)
[    0.602790] BIOS EDD facility v0.16 2004-Jun-25, 0 devices found
[    0.603536] EDD information not available.
[    0.742537] Freeing unused kernel image memory: 2468K
[    0.863991] Write protecting the kernel read-only data: 20480k
[    0.865277] Freeing unused kernel image memory: 2008K
[    0.866153] Freeing unused kernel image memory: 1820K
[    0.872143] x86/mm: Checked W+X mappings: passed, no W+X pages found.
[    0.872958] x86/mm: Checking user space page tables
[    0.878729] x86/mm: Checked W+X mappings: passed, no W+X pages found.
Loading, please wait...
starting version 237
[    0.937707] Fusion MPT base driver 3.04.20
[    0.938287] Copyright (c) 1999-2008 LSI Corporation
[    0.941578] e1000: Intel(R) PRO/1000 Network Driver - version 7.3.21-k8-NAPI
[    0.942571] e1000: Copyright (c) 1999-2006 Intel Corporation.
[    0.944433] Fusion MPT SPI Host driver 3.04.20
[    0.962145] AVX2 version of gcm_enc/dec engaged.
[    0.963642] AES CTR mode by8 optimization enabled
[    1.141155] input: ImExPS/2 Generic Explorer Mouse as /devices/platform/i8042/serio1/input/input4
[    1.311358] e1000 0000:00:03.0 eth0: (PCI:33MHz:32-bit) 02:33:ba:03:32:e5
[    1.312332] e1000 0000:00:03.0 eth0: Intel(R) PRO/1000 Network Connection
[    1.314025] mptbase: ioc0: Initiating bringup
[    1.314211] e1000 0000:00:03.0 enp0s3: renamed from eth0
[    1.583808] ioc0: LSI53C1030 A0: Capabilities={Initiator}
[    6.757633] scsi host2: ioc0: LSI53C1030 A0, FwRev=00000000h, Ports=1, MaxQ=256, IRQ=20
[    9.333613] scsi 2:0:0:0: Direct-Access     VBOX     HARDDISK         1.0  PQ: 0 ANSI: 5
[    9.372120] scsi target2:0:0: Beginning Domain Validation
[    9.376378] scsi target2:0:0: Domain Validation skipping write tests
[    9.378168] scsi target2:0:0: Ending Domain Validation
[    9.379781] scsi target2:0:0: asynchronous
[    9.382133] scsi 2:0:1:0: Direct-Access     VBOX     HARDDISK         1.0  PQ: 0 ANSI: 5
[    9.412119] scsi target2:0:1: Beginning Domain Validation
[    9.416740] random: fast init done
[    9.418294] scsi target2:0:1: Domain Validation skipping write tests
[    9.421229] scsi target2:0:1: Ending Domain Validation
[    9.423032] scsi target2:0:1: asynchronous
[    9.431843] random: systemd-udevd: uninitialized urandom read (16 bytes read)
[    9.433947] random: systemd-udevd: uninitialized urandom read (16 bytes read)
[    9.435933] random: systemd-udevd: uninitialized urandom read (16 bytes read)
[    9.438478] sd 2:0:0:0: [sda] 83886080 512-byte logical blocks: (42.9 GB/40.0 GiB)
[    9.438583] sd 2:0:0:0: Attached scsi generic sg0 type 0
[    9.440708] sd 2:0:0:0: [sda] Write Protect is off
[    9.444001] sd 2:0:1:0: Attached scsi generic sg1 type 0
[    9.444064] sd 2:0:0:0: [sda] Incomplete mode parameter data
[    9.447236] sd 2:0:0:0: [sda] Assuming drive cache: write through
[    9.447318] sd 2:0:1:0: [sdb] 20480 512-byte logical blocks: (10.5 MB/10.0 MiB)
[    9.451713] sd 2:0:1:0: [sdb] Write Protect is off
[    9.452772]  sda: sda1
[    9.454387] sd 2:0:1:0: [sdb] Incomplete mode parameter data
[    9.455376] sd 2:0:0:0: [sda] Attached SCSI disk
[    9.456859] sd 2:0:1:0: [sdb] Assuming drive cache: write through
[    9.468402] sd 2:0:1:0: [sdb] Attached SCSI disk
Begin: Loading essential drivers ... [   11.628237] raid6: sse2x1   gen() 12060 MB/s
[   11.684090] raid6: sse2x1   xor() 11342 MB/s
[   11.736304] raid6: sse2x2   gen() 18217 MB/s
[   11.792983] raid6: sse2x2   xor() 13355 MB/s
[   11.848081] raid6: sse2x4   gen() 21896 MB/s
[   11.900342] raid6: sse2x4   xor() 12986 MB/s
[   11.954482] raid6: avx2x1   gen() 30406 MB/s
[   12.004128] raid6: avx2x1   xor() 20379 MB/s
[   12.065634] raid6: avx2x2   gen() 37527 MB/s
[   12.115570] raid6: avx2x2   xor() 21135 MB/s
[   12.172903] raid6: avx2x4   gen() 44938 MB/s
[   12.228108] raid6: avx2x4   xor() 26332 MB/s
[   12.228780] raid6: using algorithm avx2x4 gen() 44938 MB/s
[   12.229453] raid6: .... xor() 26332 MB/s, rmw enabled
[   12.230119] raid6: using avx2x2 recovery algorithm
[   12.231800] xor: automatically using best checksumming function   avx       
[   12.233681] async_tx: api initialized (async)
done.
Begin: Running /scripts/init-premount ... done.
Begin: Mounting root file system ... Begin: Running /scripts/local-top ... done.
Begin: Running /scripts/local-premount ... [   12.277519] Btrfs loaded, crc32c=crc32c-intel
Scanning for Btrfs filesystems
done.
Warning: fsck not present, so skipping root file system
[   12.472291] EXT4-fs (sda1): mounted filesystem with ordered data mode. Opts: (null)
done.
Begin: Running /scripts/local-bottom ... done.
Begin: Running /scripts/init-bottom ... done.
[   14.039848] random: crng init done
[   14.044770] random: 7 urandom warning(s) missed due to ratelimiting
[   16.886710] ip_tables: (C) 2000-2006 Netfilter Core Team
[   17.116480] systemd[1]: systemd 237 running in system mode. (+PAM +AUDIT +SELINUX +IMA +APPARMOR +SMACK +SYSVINIT +UTMP +LIBCRYPTSETUP +GCRYPT +GNUTLS +ACL +XZ +LZ4 +SECCOMP +BLKID +ELFUTILS +KMOD -IDN2 +IDN -PCRE2 default-hierarchy=hybrid)
[   17.123805] systemd[1]: Detected virtualization oracle.
[   17.125430] systemd[1]: Detected architecture x86-64.

Welcome to [1mUbuntu 18.04.6 LTS[0m!

[   17.149232] systemd[1]: Set hostname to <ubuntu>.
[   17.219465] systemd[1]: Initializing machine ID from random generator.
[   17.220909] systemd[1]: Installed transient /etc/machine-id file.
[   21.854061] systemd[1]: Created slice User and Session Slice.
[[0;32m  OK  [0m] Created slice User and Session Slice.
[   21.858020] systemd[1]: Reached target Swap.
[[0;32m  OK  [0m] Reached target Swap.
[   21.858970] systemd[1]: Set up automount Arbitrary Executable File Formats File System Automount Point.
[[0;32m  OK  [0m] Set up automount Arbitrary Executab…rmats File System Automount Point.
[   21.860925] systemd[1]: Started Forward Password Requests to Wall Directory Watch.
[[0;32m  OK  [0m] Started Forward Password Requests to Wall Directory Watch.
[[0;32m  OK  [0m] Reached target User and Group Name Lookups.
[[0;32m  OK  [0m] Created slice System Slice.
[[0;32m  OK  [0m] Created slice system-serial\x2dgetty.slice.
[[0;32m  OK  [0m] Listening on LVM2 poll daemon socket.
[[0;32m  OK  [0m] Listening on Journal Socket.
         Mounting Kernel Debug File System...
         Mounting Huge Pages File System...
         Starting Uncomplicated firewall...
         Starting Set the console keyboard layout...
[[0;32m  OK  [0m] Listening on LVM2 metadata daemon socket.
         Starting Load Kernel Modules...
[[0;32m  OK  [0m] Listening on Network Service Netlink Socket.
         Starting Create list of required st…ce nodes for the current kernel...
[[0;32m  OK  [0m] Listening on Syslog Socket.
[[0;32m  OK  [0m] Listening on Device-mapper event daemon FIFOs.
[[0;32m  OK  [0m] Listening on fsck to fsckd communication Socket.
         Mounting POSIX Message Queue File System...
         Starting File System Check on Root Device...
[[0;32m  OK  [0m] Listening on Journal Socket (/dev/log).
[[0;32m  OK  [0m] Listening on udev Control Socket.
         Starting Monitoring of LVM2 mirrors…ng dmeventd or progress polling...
[[0;32m  OK  [0m] Listening on udev Kernel Socket.
         Starting udev Coldplug all Devices...
[[0;32m  OK  [0m] Listening on Journal Audit Socket.
         Starting Journal Service...
[[0;32m  OK  [0m] Reached target Slices.
[[0;32m  OK  [0m] Reached target System Time Synchronized.
[[0;32m  OK  [0m] Listening on /dev/initctl Compatibility Named Pipe.
[[0;32m  OK  [0m] Mounted Kernel Debug File System.
[[0;32m  OK  [0m] Mounted Huge Pages File System.
[[0;32m  OK  [0m] Started Uncomplicated firewall.
[[0;32m  OK  [0m] Mounted POSIX Message Queue File System.
[[0;32m  OK  [0m] Started Create list of required sta…vice nodes for the current kernel.
[[0;32m  OK  [0m] Started File System Check Daemon to report status.
         Starting Create Static Device Nodes in /dev...
[   22.482060] Loading iSCSI transport class v2.0-870.
[   22.752519] systemd[1]: Started Journal Service.
[[0;32m  OK  [0m] Started Journal Service.
[[0;32m  OK  [0m] Started udev Coldplug all Devices.
[   22.967668] iscsi: registered transport (tcp)
[[0;32m  OK  [0m] Started File System Check on Root Device.
         Starting Remount Root and Kernel File Systems...
[   23.328306] iscsi: registered transport (iser)
[[0;32m  OK  [0m] Started Load Kernel Modules.
         Mounting FUSE Control File System...
         Starting Apply Kernel Variables...
         Mounting Kernel Configuration File System...
[[0;32m  OK  [0m] Mounted FUSE Control File System.
[[0;32m  OK  [0m] Mounted Kernel Configuration File System.
[   23.492678] EXT4-fs (sda1): re-mounted. Opts: (null)
[[0;32m  OK  [0m] Started Remount Root and Kernel File Systems.
         Starting Flush Journal to Persistent Storage...
         Starting Load/Save Random Seed...
[[0;32m  OK  [0m] Started Create Static Device Nodes in /dev.
         Starting udev Kernel Device Manager...
[   24.004960] systemd-journald[417]: Received request to flush runtime journal from PID 1
[[0;32m  OK  [0m] Started Load/Save Random Seed.
[[0;32m  OK  [0m] Started Apply Kernel Variables.
[[0;32m  OK  [0m] Started Flush Journal to Persistent Storage.
[[0;32m  OK  [0m] Started LVM2 metadata daemon.
[[0;32m  OK  [0m] Started Monitoring of LVM2 mirrors,…sing dmeventd or progress polling.
[[0;32m  OK  [0m] Started udev Kernel Device Manager.
[[0;32m  OK  [0m] Found device /dev/ttyS0.
[[0;32m  OK  [0m] Listening on Load/Save RF Kill Switch Status /dev/rfkill Watch.
[[0;32m  OK  [0m] Started Set the console keyboard layout.
[[0;32m  OK  [0m] Started Dispatch Password Requests to Console Directory Watch.
[[0;32m  OK  [0m] Reached target Local Encrypted Volumes.
[[0;32m  OK  [0m] Reached target Local File Systems (Pre).
[[0;32m  OK  [0m] Reached target Local File Systems.
         Starting ebtables ruleset management...
         Starting Set console font and keymap...
         Starting AppArmor initialization...
         Starting Create Volatile Files and Directories...
         Starting Commit a transient machine-id on disk...
         Starting Tell Plymouth To Write Out Runtime Data...
[[0;32m  OK  [0m] Started Create Volatile Files and Directories.
         Starting Update UTMP about System Boot/Shutdown...
[[0;32m  OK  [0m] Started Tell Plymouth To Write Out Runtime Data.
[[0;32m  OK  [0m] Started Update UTMP about System Boot/Shutdown.
[[0;32m  OK  [0m] Started Commit a transient machine-id on disk.
[[0;32m  OK  [0m] Started ebtables ruleset management.
[[0;32m  OK  [0m] Started Set console font and keymap.
[[0;32m  OK  [0m] Started AppArmor initialization.
         Starting Load AppArmor profiles managed internally by snapd...
         Starting Initial cloud-init job (pre-networking)...
[[0;32m  OK  [0m] Started Load AppArmor profiles managed internally by snapd.
[   49.742592] cloud-init[791]: Cloud-init v. 22.1-14-g2e17a0d6-0ubuntu1~18.04.3 running 'init-local' at Sun, 17 Apr 2022 01:20:46 +0000. Up 48.80 seconds.
[[0;32m  OK  [0m] Started Initial cloud-init job (pre-networking).
[[0;32m  OK  [0m] Reached target Network (Pre).
         Starting Network Service...
[[0;32m  OK  [0m] Started Network Service.
         Starting Wait for Network to be Configured...
         Starting Network Name Resolution...
[[0;32m  OK  [0m] Started Network Name Resolution.
[[0;32m  OK  [0m] Reached target Network.
[[0;32m  OK  [0m] Reached target Host and Network Name Lookups.
[[0;32m  OK  [0m] Started Wait for Network to be Configured.
         Starting Initial cloud-init job (metadata service crawler)...
[   53.066997] cloud-init[919]: Cloud-init v. 22.1-14-g2e17a0d6-0ubuntu1~18.04.3 running 'init' at Sun, 17 Apr 2022 01:20:50 +0000. Up 52.65 seconds.
[   53.070002] cloud-init[919]: ci-info: ++++++++++++++++++++++++++++++++++++++Net device info++++++++++++++++++++++++++++++++++++++
[   53.072299] cloud-init[919]: ci-info: +--------+------+----------------------------+---------------+--------+-------------------+
[   53.084188] cloud-init[919]: ci-info: | Device |  Up  |          Address           |      Mask     | Scope  |     Hw-Address    |
[   53.085720] cloud-init[919]: ci-info: +--------+------+----------------------------+---------------+--------+-------------------+
[   53.087482] cloud-init[919]: ci-info: | enp0s3 | True |         10.0.2.15          | 255.255.255.0 | global | 02:33:ba:03:32:e5 |
[   53.089178] cloud-init[919]: ci-info: | enp0s3 | True | fe80::33:baff:fe03:32e5/64 |       .       |  link  | 02:33:ba:03:32:e5 |
[   53.090763] cloud-init[919]: ci-info: |   lo   | True |         127.0.0.1          |   255.0.0.0   |  host  |         .         |
[   53.092367] cloud-init[919]: ci-info: |   lo   | True |          ::1/128           |       .       |  host  |         .         |
[   53.093884] cloud-init[919]: ci-info: +--------+------+----------------------------+---------------+--------+-------------------+
[   53.094992] cloud-init[919]: ci-info: ++++++++++++++++++++++++++++Route IPv4 info+++++++++++++++++++++++++++++
[   53.096128] cloud-init[919]: ci-info: +-------+-------------+----------+-----------------+-----------+-------+
[   53.097271] cloud-init[919]: ci-info: | Route | Destination | Gateway  |     Genmask     | Interface | Flags |
[   53.098360] cloud-init[919]: ci-info: +-------+-------------+----------+-----------------+-----------+-------+
[   53.099344] cloud-init[919]: ci-info: |   0   |   0.0.0.0   | 10.0.2.2 |     0.0.0.0     |   enp0s3  |   UG  |
[   53.100327] cloud-init[919]: ci-info: |   1   |   10.0.2.0  | 0.0.0.0  |  255.255.255.0  |   enp0s3  |   U   |
[   53.101342] cloud-init[919]: ci-info: |   2   |   10.0.2.2  | 0.0.0.0  | 255.255.255.255 |   enp0s3  |   UH  |
[   53.102340] cloud-init[919]: ci-info: +-------+-------------+----------+-----------------+-----------+-------+
[   53.103351] cloud-init[919]: ci-info: +++++++++++++++++++Route IPv6 info+++++++++++++++++++
[   53.104009] cloud-init[919]: ci-info: +-------+-------------+---------+-----------+-------+
[   53.104754] cloud-init[919]: ci-info: | Route | Destination | Gateway | Interface | Flags |
[   53.105530] cloud-init[919]: ci-info: +-------+-------------+---------+-----------+-------+
[   53.106266] cloud-init[919]: ci-info: |   1   |  fe80::/64  |    ::   |   enp0s3  |   U   |
[   53.107013] cloud-init[919]: ci-info: |   3   |    local    |    ::   |   enp0s3  |   U   |
[   53.107741] cloud-init[919]: ci-info: |   4   |   ff00::/8  |    ::   |   enp0s3  |   U   |
[   53.108455] cloud-init[919]: ci-info: +-------+-------------+---------+-----------+-------+
[   58.740965] cloud-init[919]: Generating public/private rsa key pair.
[   58.763888] cloud-init[919]: Your identification has been saved in /etc/ssh/ssh_host_rsa_key.
[   58.764668] cloud-init[919]: Your public key has been saved in /etc/ssh/ssh_host_rsa_key.pub.
[   58.765740] cloud-init[919]: The key fingerprint is:
[   58.766287] cloud-init[919]: SHA256:GNANUm1DiPStcjJVTEGHOe3y66ve77LPkt0rGS6DIi0 root@ubuntu-bionic
[   58.767142] cloud-init[919]: The key's randomart image is:
[   58.769058] cloud-init[919]: +---[RSA 2048]----+
[   58.786246] cloud-init[919]: |   .++oX*=.      |
[   58.786751] cloud-init[919]: |    .+ooX..      |
[   58.787184] cloud-init[919]: |      +..+       |
[   58.789156] cloud-init[919]: |     . +. .      |
[   58.789519] cloud-init[919]: |    + + So       |
[   58.789882] cloud-init[919]: |     =    . .    |
[   58.790317] cloud-init[919]: |     .   . = +   |
[   58.790734] cloud-init[919]: |    E o ..B.= .  |
[   58.791100] cloud-init[919]: |     o ooo=@=... |
[   58.791467] cloud-init[919]: +----[SHA256]-----+
[   58.791755] cloud-init[919]: Generating public/private dsa key pair.
[   58.792238] cloud-init[919]: Your identification has been saved in /etc/ssh/ssh_host_dsa_key.
[   58.792767] cloud-init[919]: Your public key has been saved in /etc/ssh/ssh_host_dsa_key.pub.
[   58.794803] cloud-init[919]: The key fingerprint is:
[[   58.808165] cloud-init[919]: SHA256:S7IuAVDjr3ecZm2T0R+Tgqezrc5x7dxLASqTPhlZEBk root@ubuntu-bionic
[   58.808227] cloud-init[919]: The key's randomart image is:
[0;32m  OK  [0m] Started Initial cloud-init job (metadata service crawler).
[   58.808486] cloud-init[919]: +---[DSA 1024]----+
[   58.810533] cloud-init[919]: | .o     E+       |
[   58.810954] cloud-init[919]: |.. .    ..       |
[   58.811033] cloud-init[919]: | ..       . .    |
[[   58.811242] cloud-init[919]: |  ..     * . o   |
[   58.811790] cloud-init[919]: |   .. . S = + .  |
[   58.812378] cloud-init[919]: |   ... B @ + o . |
[   58.812476] cloud-init[919]: |  . ..B & . o .  |
[   58.812719] cloud-init[919]: |   ..= o O o o   |
[0;32m  OK  [0m] Reached target System Initialization.
[   58.815092] cloud-init[919]: |     ...=.. o o. |
[[0;32m  OK  [0m[   58.828215] cloud-init[919]: +----[SHA256]-----+
[   58.828420] cloud-init[919]: Generating public/private ecdsa key pair.
] Started ACPI Events Check.
[   58.828479] cloud-init[919]: Your identification has been saved in /etc/ssh/ssh_host_ecdsa_key.
[[0;32m  OK  [0m[   58.830413] cloud-init[919]: Your public key has been saved in /etc/ssh/ssh_host_ecdsa_key.pub.
[   58.830601] cloud-init[919]: The key fingerprint is:
[   58.830923] cloud-init[919]: SHA256:Hl7P/kLgPBEyE9ddIR5bn/HGat6pYKSXOH4tmcw7Iwo root@ubuntu-bionic
[   58.831244] cloud-init[919]: The key's randomart image is:
[   58.831568] cloud-init[919]: +---[ECDSA 256]---+
[   58.831900] cloud-init[919]: |        .... + =o|
[   58.832359] cloud-init[919]: |        +.. o *.=|
[   58.832686] cloud-init[919]: |         + . o .=|
[   58.833014] cloud-init[919]: |          o    o |
[   58.833535] cloud-init[919]: |        So.+  o  |
[   58.833858] cloud-init[919]: |       o oBooo ..|
[   58.834193] cloud-init[919]: |     E  o+oB* ...|
[   58.834727] cloud-init[919]: |      . ..+@o..  |
[   58.835049] cloud-init[919]: |       ...o.*+.  |
[   58.835474] cloud-init[919]: +----[SHA256]-----+
[   58.835725] cloud-init[919]: Generating public/private ed25519 key pair.
[   58.836284] cloud-init[919]: Your identification has been saved in /etc/ssh/ssh_host_ed25519_key.
[   58.836605] cloud-init[919]: Your public key has been saved in /etc/ssh/ssh_host_ed25519_key.pub.
[   58.836934] cloud-init[919]: The key fingerprint is:
[   58.837245] cloud-init[919]: SHA256:SkPFu331Ufmlv6FvGSrhKCiP3L3O5PTsT8mf1bHzv3g root@ubuntu-bionic
[   58.837567] cloud-init[919]: The key's randomart image is:
[   58.837686] cloud-init[919]: +--[ED25519 256]--+
[   58.838147] cloud-init[919]: |       ..       .|
[   58.838454] cloud-init[919]: |       ..      .o|
[   58.838868] cloud-init[919]: |      .  .     .+|
[   58.839185] cloud-init[919]: |     .  .     o..|
[   58.839504] cloud-init[919]: |      o So   . +.|
[   58.839825] cloud-init[919]: |     . o. o.o  o*|
[   58.840261] cloud-init[919]: |      oo  o=. o+*|
[   58.840470] cloud-init[919]: |  ..o.*.o..o.o+Eo|
[   58.840815] cloud-init[919]: |   ooo.*++...++o=|
[   58.841141] cloud-init[919]: +----[SHA256]-----+
] Started Daily Cleanup of Temporary Directories.
[[0;32m  OK  [0m] Listening on ACPID Listen Socket.
         Starting Socket activation for snappy daemon.
         Starting LXD - unix socket.
[[0;32m  OK  [0m] Started Message of the Day.
[[0;32m  OK  [0m] Listening on D-Bus System Message Bus Socket.
[[0;32m  OK  [0m] Started Ubuntu Advantage Timer for running repeated jobs.
[[0;32m  OK  [0m] Listening on cloud-init hotplug hook socket.
[[0;32m  OK  [0m] Listening on Open-iSCSI iscsid Socket.
[[0;32m  OK  [0m] Started Daily apt download activities.
[[0;32m  OK  [0m] Started Daily apt upgrade and clean activities.
[[0;32m  OK  [0m] Listening on UUID daemon activation socket.
[[0;32m  OK  [0m] Started Trigger to poll for Ubuntu …(Only enabled on GCP LTS non-pro).
[[0;32m  OK  [0m] Reached target Paths.
[[0;32m  OK  [0m] Started Discard unused blocks once a week.
[[0;32m  OK  [0m] Reached target Timers.
[[0;32m  OK  [0m] Reached target Network is Online.
         Starting Availability of block devices...
[[0;32m  OK  [0m] Reached target Remote File Systems (Pre).
[[0;32m  OK  [0m] Reached target Remote File Systems.
[[0;32m  OK  [0m] Reached target Cloud-config availability.
[[0;32m  OK  [0m] Listening on Socket activation for snappy daemon.
[[0;32m  OK  [0m] Listening on LXD - unix socket.
[[0;32m  OK  [0m] Reached target Sockets.
[[0;32m  OK  [0m] Reached target Basic System.
[[0;32m  OK  [0m] Started irqbalance daemon.
         Starting System Logging Service...
         Starting Virtualbox guest utils...
         Starting LSB: Record successful boot for GRUB...
         Starting Pollinate to seed the pseudo random number generator...
         Starting LXD - container startup/shutdown...
         Starting Login Service...
         Starting Permit User Sessions...
         Starting Accounts Service...
[[0;32m  OK  [0m] Started FUSE filesystem for LXC.
[[0;32m  OK  [0m] Started Deferred execution scheduler.
         Starting LSB: automatic crash report generation...
[[0;32m  OK  [0m] Started Regular background program processing daemon.
[[0;32m  OK  [0m] Started D-Bus System Message Bus.
[[0;32m  OK  [0m] Started Login Service.
         Starting Snap Daemon...
         Starting Dispatcher daemon for systemd-networkd...
[[0;32m  OK  [0m] Started Unattended Upgrades Shutdown.
[[0;32m  OK  [0m] Started System Logging Service.
[[0;32m  OK  [0m] Started Availability of block devices.
[[0;32m  OK  [0m] Started Permit User Sessions.
         Starting Authorization Manager...
         Starting Terminate Plymouth Boot Screen...
         Starting Hold until boot process finishes up...
[[0;32m  OK  [0m] Started LSB: automatic crash report generation.
[[0;32m  OK  [0m] Started Hold until boot process finishes up.
         Starting Set console scheme...
[[0;32m  OK  [0m] Started Serial Getty on ttyS0.
[[0;32m  OK  [0m] Started Terminate Plymouth Boot Screen.
[[0;32m  OK  [0m] Started Set console scheme.
[[0;32m  OK  [0m] Created slice system-getty.slice.
[[0;32m  OK  [0m] Started Getty on tty1.
[[0;32m  OK  [0m] Reached target Login Prompts.
[[0;32m  OK  [0m] Started LSB: Record successful boot for GRUB.
[[0;32m  OK  [0m] Started Authorization Manager.
[[0;32m  OK  [0m] Started Accounts Service.
[[0;32m  OK  [0m] Started Virtualbox guest utils.

Ubuntu 18.04.6 LTS ubuntu-bionic ttyS0

ubuntu-bionic login: [   81.957688] cloud-init[1704]: Cloud-init v. 22.1-14-g2e17a0d6-0ubuntu1~18.04.3 running 'modules:config' at Sun, 17 Apr 2022 01:21:13 +0000. Up 75.36 seconds.
ci-info: no authorized SSH keys fingerprints found for user ubuntu.
<14>Apr 17 01:21:20 cloud-init: #############################################################
<14>Apr 17 01:21:20 cloud-init: -----BEGIN SSH HOST KEY FINGERPRINTS-----
<14>Apr 17 01:21:20 cloud-init: 1024 SHA256:S7IuAVDjr3ecZm2T0R+Tgqezrc5x7dxLASqTPhlZEBk root@ubuntu-bionic (DSA)
<14>Apr 17 01:21:20 cloud-init: 256 SHA256:Hl7P/kLgPBEyE9ddIR5bn/HGat6pYKSXOH4tmcw7Iwo root@ubuntu-bionic (ECDSA)
<14>Apr 17 01:21:20 cloud-init: 256 SHA256:SkPFu331Ufmlv6FvGSrhKCiP3L3O5PTsT8mf1bHzv3g root@ubuntu-bionic (ED25519)
<14>Apr 17 01:21:20 cloud-init: 2048 SHA256:GNANUm1DiPStcjJVTEGHOe3y66ve77LPkt0rGS6DIi0 root@ubuntu-bionic (RSA)
<14>Apr 17 01:21:20 cloud-init: -----END SSH HOST KEY FINGERPRINTS-----
<14>Apr 17 01:21:20 cloud-init: #############################################################
-----BEGIN SSH HOST KEY KEYS-----
ecdsa-sha2-nistp256 AAAAE2VjZHNhLXNoYTItbmlzdHAyNTYAAAAIbmlzdHAyNTYAAABBBISv5aoqSaaij1c8hmhSL4f1z9lAQyLpTHC5JguEwlxieQfIDiDlL5SP+976DP8ai9eMedn0C32/1kGzdkfmOCI= root@ubuntu-bionic
ssh-ed25519 AAAAC3NzaC1lZDI1NTE5AAAAIMhyJYZLInEEUlGqYTUQba5uY3mfIfedoIOIcYmlE2qU root@ubuntu-bionic
ssh-rsa AAAAB3NzaC1yc2EAAAADAQABAAABAQDCkp/fk66jtwt59bYJ6f/H5vtOleYx9/e8sOAdn2TRCxhOYZPM5J4e3vm5vAocrrMjcMYG6s0ypP1DPynUlUFs5jJVHmVs/4nwRynbC7M9iWv5YL4JU63K9amv6wR/NqbwnfogJLqt0tYlcPEPyA6Kt/fTkg9vVYARQxzI5w/8MzvjS87qyVR+tYjf+eyV+ieA4oEkjxDfWnn17UnYZW/LT2NFb35HI/bWlczcXf3mFvgJ5WQ9XmPLlMG1YOCLMBJmT4jq2hnLrdn1eg9zHEpsfye0kHwAHb7Myx2WUuWdYwda6e2Xnh3w4bJOduWtJZiWKWvlauIoZO/z30UABTtX root@ubuntu-bionic
-----END SSH HOST KEY KEYS-----
[   82.494113] cloud-init[2037]: Cloud-init v. 22.1-14-g2e17a0d6-0ubuntu1~18.04.3 running 'modules:final' at Sun, 17 Apr 2022 01:21:20 +0000. Up 82.31 seconds.
[   82.495412] cloud-init[2037]: Cloud-init v. 22.1-14-g2e17a0d6-0ubuntu1~18.04.3 finished at Sun, 17 Apr 2022 01:21:20 +0000. Datasource DataSourceNoCloud [seed=/dev/sdb][dsmode=net].  Up 82.48 seconds
