2022/04/20 04:31:37 INFO  - jmeter.util.JMeterUtils: Setting Locale to en 
2022/04/20 04:31:37 INFO  - jmeter.JMeter: Loading user properties from: /usr/share/jmeter/bin/user.properties 
2022/04/20 04:31:37 INFO  - jmeter.JMeter: Loading system properties from: /usr/share/jmeter/bin/system.properties 
2022/04/20 04:31:37 INFO  - jmeter.JMeter: Copyright (c) 1998-2015 The Apache Software Foundation 
2022/04/20 04:31:37 INFO  - jmeter.JMeter: Version 2.13.20170723 
2022/04/20 04:31:37 INFO  - jmeter.JMeter: java.version=11.0.14.1 
2022/04/20 04:31:37 INFO  - jmeter.JMeter: java.vm.name=OpenJDK 64-Bit Server VM 
2022/04/20 04:31:37 INFO  - jmeter.JMeter: os.name=Linux 
2022/04/20 04:31:37 INFO  - jmeter.JMeter: os.arch=amd64 
2022/04/20 04:31:37 INFO  - jmeter.JMeter: os.version=4.15.0-175-generic 
2022/04/20 04:31:37 INFO  - jmeter.JMeter: file.encoding=UTF-8 
2022/04/20 04:31:37 INFO  - jmeter.JMeter: Default Locale=English 
2022/04/20 04:31:37 INFO  - jmeter.JMeter: JMeter  Locale=English 
2022/04/20 04:31:37 INFO  - jmeter.JMeter: JMeterHome=/usr/share/jmeter 
2022/04/20 04:31:37 INFO  - jmeter.JMeter: user.dir  =/vagrant/PythonSimpleApp 
2022/04/20 04:31:37 INFO  - jmeter.JMeter: PWD       =/vagrant/PythonSimpleApp 
2022/04/20 04:31:37 INFO  - jmeter.JMeter: IP: 127.0.1.1 Name: ubuntu-bionic FullName: ubuntu-bionic 
2022/04/20 04:31:37 INFO  - jmeter.services.FileServer: Default base='/vagrant/PythonSimpleApp' 
2022/04/20 04:31:37 INFO  - jmeter.services.FileServer: Set new base='/vagrant/PythonSimpleApp' 
2022/04/20 04:31:37 INFO  - jmeter.save.SaveService: Testplan (JMX) version: 2.2. Testlog (JTL) version: 2.2 
2022/04/20 04:31:37 INFO  - jmeter.save.SaveService: Using SaveService properties version 2.8 
2022/04/20 04:31:37 INFO  - jmeter.save.SaveService: Using SaveService properties file version 1656252 
2022/04/20 04:31:37 INFO  - jmeter.save.SaveService: Using SaveService properties file encoding UTF-8 
2022/04/20 04:31:37 INFO  - jmeter.save.SaveService: All converter versions present and correct 
2022/04/20 04:31:37 INFO  - jmeter.save.SaveService: Loading file: factorial_200delay.jmx 
2022/04/20 04:31:37 INFO  - jmeter.protocol.http.sampler.HTTPSamplerBase: Cannot find .className property for htmlParser, using default 
2022/04/20 04:31:37 INFO  - jmeter.protocol.http.sampler.HTTPSamplerBase: Parser for text/html is  
2022/04/20 04:31:37 INFO  - jmeter.protocol.http.sampler.HTTPSamplerBase: Parser for application/xhtml+xml is  
2022/04/20 04:31:37 INFO  - jmeter.protocol.http.sampler.HTTPSamplerBase: Parser for application/xml is  
2022/04/20 04:31:37 INFO  - jmeter.protocol.http.sampler.HTTPSamplerBase: Parser for text/xml is  
2022/04/20 04:31:37 INFO  - jmeter.protocol.http.sampler.HTTPSamplerBase: Parser for text/vnd.wap.wml is org.apache.jmeter.protocol.http.parser.RegexpHTMLParser 
2022/04/20 04:31:37 INFO  - jmeter.JMeter: Creating summariser <summary> 
2022/04/20 04:31:37 INFO  - jmeter.engine.StandardJMeterEngine: Listeners will be started after enabling running version 
2022/04/20 04:31:37 INFO  - jmeter.engine.StandardJMeterEngine: To revert to the earlier behaviour, define jmeterengine.startlistenerslater=false 
2022/04/20 04:31:37 INFO  - jmeter.engine.StandardJMeterEngine: Running the test! 
2022/04/20 04:31:37 INFO  - jmeter.samplers.SampleEvent: List of sample_variables: [] 
2022/04/20 04:31:37 INFO  - jmeter.samplers.SampleEvent: List of sample_variables: [] 
2022/04/20 04:31:37 INFO  - jmeter.engine.util.CompoundVariable: Note: Function class names must contain the string: '.functions.' 
2022/04/20 04:31:37 INFO  - jmeter.engine.util.CompoundVariable: Note: Function class names must not contain the string: '.gui.' 
2022/04/20 04:31:38 INFO  - jmeter.JMeter: Running test (1650429098036) 
2022/04/20 04:31:38 INFO  - jmeter.engine.StandardJMeterEngine: Starting ThreadGroup: 1 : Thread Group 
2022/04/20 04:31:38 INFO  - jmeter.engine.StandardJMeterEngine: Starting 50 threads for group Thread Group. 
2022/04/20 04:31:38 INFO  - jmeter.engine.StandardJMeterEngine: Thread will continue on error 
2022/04/20 04:31:38 INFO  - jmeter.threads.ThreadGroup: Starting thread group number 1 threads 50 ramp-up 1 perThread 20.0 delayedStart=false 
2022/04/20 04:31:38 INFO  - jmeter.threads.JMeterThread: jmeterthread.startearlier=true (see jmeter.properties) 
2022/04/20 04:31:38 INFO  - jmeter.threads.JMeterThread: Running PostProcessors in forward order 
2022/04/20 04:31:38 INFO  - jmeter.threads.ThreadGroup: Started thread group number 1 
2022/04/20 04:31:38 INFO  - jmeter.engine.StandardJMeterEngine: All thread groups have been started 
2022/04/20 04:31:53 INFO  - jmeter.threads.JMeterThread: Thread started: Thread Group 1-1 
2022/04/20 04:31:53 INFO  - jmeter.threads.JMeterThread: Thread started: Thread Group 1-2 
2022/04/20 04:31:53 INFO  - jmeter.threads.JMeterThread: Thread started: Thread Group 1-3 
2022/04/20 04:31:53 INFO  - jmeter.threads.JMeterThread: Thread started: Thread Group 1-4 
2022/04/20 04:31:53 INFO  - jmeter.threads.JMeterThread: Thread started: Thread Group 1-5 
2022/04/20 04:31:53 INFO  - jmeter.threads.JMeterThread: Thread started: Thread Group 1-6 
2022/04/20 04:31:53 INFO  - jmeter.threads.JMeterThread: Thread started: Thread Group 1-7 
2022/04/20 04:31:53 INFO  - jmeter.threads.JMeterThread: Thread started: Thread Group 1-8 
2022/04/20 04:31:53 INFO  - jmeter.threads.JMeterThread: Thread started: Thread Group 1-9 
2022/04/20 04:31:53 INFO  - jmeter.threads.JMeterThread: Thread started: Thread Group 1-10 
2022/04/20 04:31:53 INFO  - jmeter.threads.JMeterThread: Thread started: Thread Group 1-11 
2022/04/20 04:31:53 INFO  - jmeter.threads.JMeterThread: Thread started: Thread Group 1-12 
2022/04/20 04:31:53 INFO  - jmeter.protocol.http.sampler.HTTPHCAbstractImpl: Local host = ubuntu-bionic 
2022/04/20 04:31:53 INFO  - jmeter.protocol.http.sampler.HTTPHC4Impl: HTTP request retry count = 0 
2022/04/20 04:31:53 INFO  - jmeter.threads.JMeterThread: Thread started: Thread Group 1-13 
2022/04/20 04:31:53 INFO  - jmeter.protocol.http.sampler.HTTPHC4Impl: Setting up HTTPS TrustAll scheme 
2022/04/20 04:31:53 INFO  - jmeter.util.JsseSSLManager: Using default SSL protocol: TLS 
2022/04/20 04:31:53 INFO  - jmeter.util.JsseSSLManager: SSL session context: per-thread 
2022/04/20 04:31:53 INFO  - jmeter.threads.JMeterThread: Thread started: Thread Group 1-14 
2022/04/20 04:31:53 INFO  - jmeter.threads.JMeterThread: Thread started: Thread Group 1-15 
2022/04/20 04:31:53 INFO  - jmeter.threads.JMeterThread: Thread started: Thread Group 1-16 
2022/04/20 04:31:53 INFO  - jmeter.threads.JMeterThread: Thread started: Thread Group 1-17 
2022/04/20 04:31:53 INFO  - jmeter.threads.JMeterThread: Thread started: Thread Group 1-18 
2022/04/20 04:31:53 INFO  - jmeter.threads.JMeterThread: Thread started: Thread Group 1-19 
2022/04/20 04:31:53 INFO  - jmeter.threads.JMeterThread: Thread started: Thread Group 1-20 
2022/04/20 04:31:53 INFO  - jmeter.threads.JMeterThread: Thread started: Thread Group 1-21 
2022/04/20 04:31:53 INFO  - jmeter.threads.JMeterThread: Thread started: Thread Group 1-22 
2022/04/20 04:31:53 INFO  - jmeter.threads.JMeterThread: Thread started: Thread Group 1-23 
2022/04/20 04:31:53 INFO  - jmeter.samplers.SampleResult: Note: Sample TimeStamps are START times 
2022/04/20 04:31:53 INFO  - jmeter.samplers.SampleResult: sampleresult.default.encoding is set to ISO-8859-1 
2022/04/20 04:31:53 INFO  - jmeter.samplers.SampleResult: sampleresult.useNanoTime=true 
2022/04/20 04:31:53 INFO  - jmeter.samplers.SampleResult: sampleresult.nanoThreadSleep=5000 
2022/04/20 04:31:53 INFO  - jmeter.threads.JMeterThread: Thread started: Thread Group 1-24 
2022/04/20 04:31:53 INFO  - jmeter.threads.JMeterThread: Thread started: Thread Group 1-25 
2022/04/20 04:31:53 INFO  - jmeter.threads.JMeterThread: Thread started: Thread Group 1-26 
2022/04/20 04:31:53 INFO  - jmeter.threads.JMeterThread: Thread started: Thread Group 1-27 
2022/04/20 04:31:53 INFO  - jmeter.threads.JMeterThread: Thread started: Thread Group 1-28 
2022/04/20 04:31:53 INFO  - jmeter.threads.JMeterThread: Thread started: Thread Group 1-29 
2022/04/20 04:31:53 INFO  - jmeter.threads.JMeterThread: Thread started: Thread Group 1-30 
2022/04/20 04:31:53 INFO  - jmeter.threads.JMeterThread: Thread started: Thread Group 1-31 
2022/04/20 04:31:53 INFO  - jmeter.threads.JMeterThread: Thread started: Thread Group 1-32 
2022/04/20 04:31:53 INFO  - jmeter.threads.JMeterThread: Thread started: Thread Group 1-33 
2022/04/20 04:31:53 INFO  - jmeter.threads.JMeterThread: Thread started: Thread Group 1-34 
2022/04/20 04:31:53 INFO  - jmeter.threads.JMeterThread: Thread started: Thread Group 1-35 
2022/04/20 04:31:53 INFO  - jmeter.threads.JMeterThread: Thread started: Thread Group 1-36 
2022/04/20 04:31:53 INFO  - jmeter.threads.JMeterThread: Thread started: Thread Group 1-37 
2022/04/20 04:31:53 INFO  - jmeter.threads.JMeterThread: Thread started: Thread Group 1-38 
2022/04/20 04:31:53 INFO  - jmeter.threads.JMeterThread: Thread started: Thread Group 1-39 
2022/04/20 04:31:53 INFO  - jmeter.threads.JMeterThread: Thread started: Thread Group 1-40 
2022/04/20 04:31:53 INFO  - jmeter.threads.JMeterThread: Thread started: Thread Group 1-41 
2022/04/20 04:31:53 INFO  - jmeter.threads.JMeterThread: Thread started: Thread Group 1-42 
2022/04/20 04:31:53 INFO  - jmeter.threads.JMeterThread: Thread started: Thread Group 1-43 
2022/04/20 04:31:53 INFO  - jmeter.threads.JMeterThread: Thread started: Thread Group 1-44 
2022/04/20 04:31:53 INFO  - jmeter.threads.JMeterThread: Thread started: Thread Group 1-45 
2022/04/20 04:31:53 INFO  - jmeter.threads.JMeterThread: Thread started: Thread Group 1-46 
2022/04/20 04:31:53 INFO  - jmeter.threads.JMeterThread: Thread started: Thread Group 1-47 
2022/04/20 04:31:53 INFO  - jmeter.threads.JMeterThread: Thread started: Thread Group 1-48 
2022/04/20 04:31:54 INFO  - jmeter.threads.JMeterThread: Thread started: Thread Group 1-49 
2022/04/20 04:31:54 INFO  - jmeter.threads.JMeterThread: Thread started: Thread Group 1-50 
2022/04/20 04:32:00 INFO  - jmeter.reporters.Summariser: summary +   1349 in    22s =   61.4/s Avg:    32 Min:     4 Max:   193 Err:     0 (0.00%) Active: 50 Started: 50 Finished: 0 
2022/04/20 04:32:30 INFO  - jmeter.reporters.Summariser: summary +   6564 in    30s =  218.8/s Avg:    27 Min:     3 Max:   147 Err:     0 (0.00%) Active: 50 Started: 50 Finished: 0 
2022/04/20 04:32:30 INFO  - jmeter.reporters.Summariser: summary =   7913 in    52s =  152.3/s Avg:    28 Min:     3 Max:   193 Err:     0 (0.00%) 
2022/04/20 04:32:53 INFO  - jmeter.threads.JMeterThread: Stopping because end time detected by thread: Thread Group 1-4 
2022/04/20 04:32:53 INFO  - jmeter.threads.JMeterThread: Thread finished: Thread Group 1-4 
2022/04/20 04:32:53 INFO  - jmeter.threads.JMeterThread: Stopping because end time detected by thread: Thread Group 1-24 
2022/04/20 04:32:53 INFO  - jmeter.threads.JMeterThread: Thread finished: Thread Group 1-24 
2022/04/20 04:32:53 INFO  - jmeter.threads.JMeterThread: Stopping because end time detected by thread: Thread Group 1-37 
2022/04/20 04:32:53 INFO  - jmeter.threads.JMeterThread: Thread finished: Thread Group 1-37 
2022/04/20 04:32:53 INFO  - jmeter.threads.JMeterThread: Stopping because end time detected by thread: Thread Group 1-34 
2022/04/20 04:32:53 INFO  - jmeter.threads.JMeterThread: Thread finished: Thread Group 1-34 
2022/04/20 04:32:53 INFO  - jmeter.threads.JMeterThread: Stopping because end time detected by thread: Thread Group 1-20 
2022/04/20 04:32:53 INFO  - jmeter.threads.JMeterThread: Thread finished: Thread Group 1-20 
2022/04/20 04:32:53 INFO  - jmeter.threads.JMeterThread: Stopping because end time detected by thread: Thread Group 1-31 
2022/04/20 04:32:53 INFO  - jmeter.threads.JMeterThread: Thread finished: Thread Group 1-31 
2022/04/20 04:32:53 INFO  - jmeter.threads.JMeterThread: Stopping because end time detected by thread: Thread Group 1-18 
2022/04/20 04:32:53 INFO  - jmeter.threads.JMeterThread: Thread finished: Thread Group 1-18 
2022/04/20 04:32:53 INFO  - jmeter.threads.JMeterThread: Stopping because end time detected by thread: Thread Group 1-22 
2022/04/20 04:32:53 INFO  - jmeter.threads.JMeterThread: Thread finished: Thread Group 1-22 
2022/04/20 04:32:53 INFO  - jmeter.threads.JMeterThread: Stopping because end time detected by thread: Thread Group 1-39 
2022/04/20 04:32:53 INFO  - jmeter.threads.JMeterThread: Thread finished: Thread Group 1-39 
2022/04/20 04:32:53 INFO  - jmeter.threads.JMeterThread: Stopping because end time detected by thread: Thread Group 1-13 
2022/04/20 04:32:53 INFO  - jmeter.threads.JMeterThread: Thread finished: Thread Group 1-13 
2022/04/20 04:32:53 INFO  - jmeter.threads.JMeterThread: Stopping because end time detected by thread: Thread Group 1-15 
2022/04/20 04:32:53 INFO  - jmeter.threads.JMeterThread: Thread finished: Thread Group 1-15 
2022/04/20 04:32:53 INFO  - jmeter.threads.JMeterThread: Stopping because end time detected by thread: Thread Group 1-47 
2022/04/20 04:32:53 INFO  - jmeter.threads.JMeterThread: Thread finished: Thread Group 1-47 
2022/04/20 04:32:53 INFO  - jmeter.threads.JMeterThread: Stopping because end time detected by thread: Thread Group 1-12 
2022/04/20 04:32:53 INFO  - jmeter.threads.JMeterThread: Thread finished: Thread Group 1-12 
2022/04/20 04:32:53 INFO  - jmeter.threads.JMeterThread: Stopping because end time detected by thread: Thread Group 1-16 
2022/04/20 04:32:53 INFO  - jmeter.threads.JMeterThread: Thread finished: Thread Group 1-16 
2022/04/20 04:32:53 INFO  - jmeter.threads.JMeterThread: Stopping because end time detected by thread: Thread Group 1-41 
2022/04/20 04:32:53 INFO  - jmeter.threads.JMeterThread: Thread finished: Thread Group 1-41 
2022/04/20 04:32:53 INFO  - jmeter.threads.JMeterThread: Stopping because end time detected by thread: Thread Group 1-11 
2022/04/20 04:32:53 INFO  - jmeter.threads.JMeterThread: Thread finished: Thread Group 1-11 
2022/04/20 04:32:53 INFO  - jmeter.threads.JMeterThread: Stopping because end time detected by thread: Thread Group 1-19 
2022/04/20 04:32:53 INFO  - jmeter.threads.JMeterThread: Thread finished: Thread Group 1-19 
2022/04/20 04:32:53 INFO  - jmeter.threads.JMeterThread: Stopping because end time detected by thread: Thread Group 1-21 
2022/04/20 04:32:53 INFO  - jmeter.threads.JMeterThread: Thread finished: Thread Group 1-21 
2022/04/20 04:32:53 INFO  - jmeter.threads.JMeterThread: Stopping because end time detected by thread: Thread Group 1-2 
2022/04/20 04:32:53 INFO  - jmeter.threads.JMeterThread: Thread finished: Thread Group 1-2 
2022/04/20 04:32:53 INFO  - jmeter.threads.JMeterThread: Stopping because end time detected by thread: Thread Group 1-42 
2022/04/20 04:32:53 INFO  - jmeter.threads.JMeterThread: Thread finished: Thread Group 1-42 
2022/04/20 04:32:53 INFO  - jmeter.threads.JMeterThread: Stopping because end time detected by thread: Thread Group 1-35 
2022/04/20 04:32:53 INFO  - jmeter.threads.JMeterThread: Thread finished: Thread Group 1-35 
2022/04/20 04:32:53 INFO  - jmeter.threads.JMeterThread: Stopping because end time detected by thread: Thread Group 1-27 
2022/04/20 04:32:53 INFO  - jmeter.threads.JMeterThread: Thread finished: Thread Group 1-27 
2022/04/20 04:32:53 INFO  - jmeter.threads.JMeterThread: Stopping because end time detected by thread: Thread Group 1-9 
2022/04/20 04:32:53 INFO  - jmeter.threads.JMeterThread: Thread finished: Thread Group 1-9 
2022/04/20 04:32:53 INFO  - jmeter.threads.JMeterThread: Stopping because end time detected by thread: Thread Group 1-29 
2022/04/20 04:32:53 INFO  - jmeter.threads.JMeterThread: Thread finished: Thread Group 1-29 
2022/04/20 04:32:53 INFO  - jmeter.threads.JMeterThread: Stopping because end time detected by thread: Thread Group 1-7 
2022/04/20 04:32:53 INFO  - jmeter.threads.JMeterThread: Thread finished: Thread Group 1-7 
2022/04/20 04:32:53 INFO  - jmeter.threads.JMeterThread: Stopping because end time detected by thread: Thread Group 1-3 
2022/04/20 04:32:53 INFO  - jmeter.threads.JMeterThread: Thread finished: Thread Group 1-3 
2022/04/20 04:32:53 INFO  - jmeter.threads.JMeterThread: Stopping because end time detected by thread: Thread Group 1-40 
2022/04/20 04:32:53 INFO  - jmeter.threads.JMeterThread: Thread finished: Thread Group 1-40 
2022/04/20 04:32:53 INFO  - jmeter.threads.JMeterThread: Stopping because end time detected by thread: Thread Group 1-17 
2022/04/20 04:32:53 INFO  - jmeter.threads.JMeterThread: Thread finished: Thread Group 1-17 
2022/04/20 04:32:53 INFO  - jmeter.threads.JMeterThread: Stopping because end time detected by thread: Thread Group 1-10 
2022/04/20 04:32:53 INFO  - jmeter.threads.JMeterThread: Thread finished: Thread Group 1-10 
2022/04/20 04:32:53 INFO  - jmeter.threads.JMeterThread: Stopping because end time detected by thread: Thread Group 1-26 
2022/04/20 04:32:53 INFO  - jmeter.threads.JMeterThread: Thread finished: Thread Group 1-26 
2022/04/20 04:32:53 INFO  - jmeter.threads.JMeterThread: Stopping because end time detected by thread: Thread Group 1-8 
2022/04/20 04:32:53 INFO  - jmeter.threads.JMeterThread: Thread finished: Thread Group 1-8 
2022/04/20 04:32:53 INFO  - jmeter.threads.JMeterThread: Stopping because end time detected by thread: Thread Group 1-38 
2022/04/20 04:32:53 INFO  - jmeter.threads.JMeterThread: Thread finished: Thread Group 1-38 
2022/04/20 04:32:53 INFO  - jmeter.threads.JMeterThread: Stopping because end time detected by thread: Thread Group 1-28 
2022/04/20 04:32:53 INFO  - jmeter.threads.JMeterThread: Thread finished: Thread Group 1-28 
2022/04/20 04:32:53 INFO  - jmeter.threads.JMeterThread: Stopping because end time detected by thread: Thread Group 1-30 
2022/04/20 04:32:53 INFO  - jmeter.threads.JMeterThread: Thread finished: Thread Group 1-30 
2022/04/20 04:32:53 INFO  - jmeter.threads.JMeterThread: Stopping because end time detected by thread: Thread Group 1-45 
2022/04/20 04:32:53 INFO  - jmeter.threads.JMeterThread: Thread finished: Thread Group 1-45 
2022/04/20 04:32:53 INFO  - jmeter.threads.JMeterThread: Stopping because end time detected by thread: Thread Group 1-50 
2022/04/20 04:32:53 INFO  - jmeter.threads.JMeterThread: Thread finished: Thread Group 1-50 
2022/04/20 04:32:53 INFO  - jmeter.threads.JMeterThread: Stopping because end time detected by thread: Thread Group 1-6 
2022/04/20 04:32:53 INFO  - jmeter.threads.JMeterThread: Thread finished: Thread Group 1-6 
2022/04/20 04:32:53 INFO  - jmeter.threads.JMeterThread: Stopping because end time detected by thread: Thread Group 1-5 
2022/04/20 04:32:53 INFO  - jmeter.threads.JMeterThread: Thread finished: Thread Group 1-5 
2022/04/20 04:32:53 INFO  - jmeter.threads.JMeterThread: Stopping because end time detected by thread: Thread Group 1-23 
2022/04/20 04:32:53 INFO  - jmeter.threads.JMeterThread: Thread finished: Thread Group 1-23 
2022/04/20 04:32:53 INFO  - jmeter.threads.JMeterThread: Stopping because end time detected by thread: Thread Group 1-44 
2022/04/20 04:32:53 INFO  - jmeter.threads.JMeterThread: Thread finished: Thread Group 1-44 
2022/04/20 04:32:53 INFO  - jmeter.threads.JMeterThread: Stopping because end time detected by thread: Thread Group 1-43 
2022/04/20 04:32:53 INFO  - jmeter.threads.JMeterThread: Thread finished: Thread Group 1-43 
2022/04/20 04:32:53 INFO  - jmeter.threads.JMeterThread: Stopping because end time detected by thread: Thread Group 1-49 
2022/04/20 04:32:53 INFO  - jmeter.threads.JMeterThread: Thread finished: Thread Group 1-49 
2022/04/20 04:32:53 INFO  - jmeter.threads.JMeterThread: Stopping because end time detected by thread: Thread Group 1-25 
2022/04/20 04:32:53 INFO  - jmeter.threads.JMeterThread: Thread finished: Thread Group 1-25 
2022/04/20 04:32:53 INFO  - jmeter.threads.JMeterThread: Stopping because end time detected by thread: Thread Group 1-46 
2022/04/20 04:32:53 INFO  - jmeter.threads.JMeterThread: Thread finished: Thread Group 1-46 
2022/04/20 04:32:53 INFO  - jmeter.threads.JMeterThread: Stopping because end time detected by thread: Thread Group 1-33 
2022/04/20 04:32:53 INFO  - jmeter.threads.JMeterThread: Thread finished: Thread Group 1-33 
2022/04/20 04:32:53 INFO  - jmeter.threads.JMeterThread: Stopping because end time detected by thread: Thread Group 1-1 
2022/04/20 04:32:53 INFO  - jmeter.threads.JMeterThread: Thread finished: Thread Group 1-1 
2022/04/20 04:32:53 INFO  - jmeter.threads.JMeterThread: Stopping because end time detected by thread: Thread Group 1-48 
2022/04/20 04:32:53 INFO  - jmeter.threads.JMeterThread: Thread finished: Thread Group 1-48 
2022/04/20 04:32:53 INFO  - jmeter.threads.JMeterThread: Stopping because end time detected by thread: Thread Group 1-36 
2022/04/20 04:32:53 INFO  - jmeter.threads.JMeterThread: Thread finished: Thread Group 1-36 
2022/04/20 04:32:53 INFO  - jmeter.threads.JMeterThread: Stopping because end time detected by thread: Thread Group 1-14 
2022/04/20 04:32:53 INFO  - jmeter.threads.JMeterThread: Thread finished: Thread Group 1-14 
2022/04/20 04:32:53 INFO  - jmeter.threads.JMeterThread: Stopping because end time detected by thread: Thread Group 1-32 
2022/04/20 04:32:53 INFO  - jmeter.threads.JMeterThread: Thread finished: Thread Group 1-32 
2022/04/20 04:32:53 INFO  - jmeter.engine.StandardJMeterEngine: Notifying test listeners of end of test 
2022/04/20 04:32:53 INFO  - jmeter.reporters.Summariser: summary +   5034 in  23.3s =  215.9/s Avg:    30 Min:     3 Max:   143 Err:     0 (0.00%) Active: 0 Started: 50 Finished: 50 
2022/04/20 04:32:53 INFO  - jmeter.reporters.Summariser: summary =  12947 in  75.3s =  172.0/s Avg:    29 Min:     3 Max:   193 Err:     0 (0.00%) 
